[INFO] Scanning for projects...
[INFO] 
[INFO] ---------------------< ro.techvault:user-service >----------------------
[INFO] Building user-service 0.0.1-SNAPSHOT
[INFO]   from pom.xml
[INFO] --------------------------------[ jar ]---------------------------------
[INFO] 
[INFO] --- clean:3.4.1:clean (default-clean) @ user-service ---
[INFO] Deleting D:\webdev\TechVault-E-Learning-Platform\user-service\target
[INFO] 
[INFO] --- resources:3.3.1:resources (default-resources) @ user-service ---
[INFO] Copying 1 resource from src\main\resources to target\classes
[INFO] Copying 0 resource from src\main\resources to target\classes
[INFO] 
[INFO] --- compiler:3.14.1:compile (default-compile) @ user-service ---
[INFO] Recompiling the module because of changed source code.
[INFO] Compiling 29 source files with javac [debug parameters release 17] to target\classes
[INFO] -------------------------------------------------------------
[ERROR] COMPILATION ERROR : 
[INFO] -------------------------------------------------------------
[ERROR] /D:/webdev/TechVault-E-Learning-Platform/user-service/src/main/java/ro/techvault/user_service/config/DataSeeder.java:[77,16] cannot find symbol
  symbol:   method setPreferredMascot(java.lang.String)
  location: variable learner of type ro.techvault.user_service.models.Learner
[INFO] 1 error
[INFO] -------------------------------------------------------------
[INFO] ------------------------------------------------------------------------
[INFO] BUILD FAILURE
[INFO] ------------------------------------------------------------------------
[INFO] Total time:  7.096 s
[INFO] Finished at: 2025-12-08T19:56:49+02:00
[INFO] ------------------------------------------------------------------------
[ERROR] Failed to execute goal org.apache.maven.plugins:maven-compiler-plugin:3.14.1:compile (default-compile) on project user-service: Compilation failure
[ERROR] /D:/webdev/TechVault-E-Learning-Platform/user-service/src/main/java/ro/techvault/user_service/config/DataSeeder.java:[77,16] cannot find symbol
[ERROR]   symbol:   method setPreferredMascot(java.lang.String)
[ERROR]   location: variable learner of type ro.techvault.user_service.models.Learner
[ERROR] 
[ERROR] -> [Help 1]
[ERROR] 
[ERROR] To see the full stack trace of the errors, re-run Maven with the -e switch.
[ERROR] Re-run Maven using the -X switch to enable full debug logging.
[ERROR] 
[ERROR] For more information about the errors and possible solutions, please read the following articles:
[ERROR] [Help 1] http://cwiki.apache.org/confluence/display/MAVEN/MojoFailureException
